<?xml version="1.0" encoding="UTF-8"?>
<!-- Generated by org.testng.reporters.JUnitReportReporter -->
<testsuite hostname="ER2301053" failures="0" tests="13" name="com.qa.testcases.inwardlist.ConsignmentListPageTest" time="0.751" errors="1" timestamp="2023-03-23T14:38:40 IST" skipped="12">
  <testcase classname="com.qa.testcases.inwardlist.ConsignmentListPageTest" name="setup" time="0.751">
    <error message="Could not start a new session. Possible causes are invalid address of the remote server or browser start-up failure. 
Host info: host: &#039;ER2301053&#039;, ip: &#039;192.168.137.1&#039;" type="org.openqa.selenium.SessionNotCreatedException">
      <![CDATA[org.openqa.selenium.SessionNotCreatedException: Could not start a new session. Possible causes are invalid address of the remote server or browser start-up failure. 
Host info: host: 'ER2301053', ip: '192.168.137.1'
at org.openqa.selenium.remote.RemoteWebDriver.execute(RemoteWebDriver.java:559)
at org.openqa.selenium.remote.RemoteWebDriver.startSession(RemoteWebDriver.java:242)
at org.openqa.selenium.remote.RemoteWebDriver.<init>(RemoteWebDriver.java:157)
at org.openqa.selenium.chromium.ChromiumDriver.<init>(ChromiumDriver.java:101)
at org.openqa.selenium.chrome.ChromeDriver.<init>(ChromeDriver.java:81)
at org.openqa.selenium.chrome.ChromeDriver.<init>(ChromeDriver.java:49)
at com.qa.base.TestBase.initialization(TestBase.java:54)
at com.qa.testcases.inwardlist.ConsignmentListPageTest.setup(ConsignmentListPageTest.java:25)
at java.base/jdk.internal.reflect.NativeMethodAccessorImpl.invoke0(Native Method)
at java.base/jdk.internal.reflect.NativeMethodAccessorImpl.invoke(NativeMethodAccessorImpl.java:77)
at java.base/jdk.internal.reflect.DelegatingMethodAccessorImpl.invoke(DelegatingMethodAccessorImpl.java:43)
at java.base/java.lang.reflect.Method.invoke(Method.java:568)
at org.testng.internal.invokers.MethodInvocationHelper.invokeMethod(MethodInvocationHelper.java:139)
at org.testng.internal.invokers.MethodInvocationHelper.invokeMethodConsideringTimeout(MethodInvocationHelper.java:69)
at org.testng.internal.invokers.ConfigInvoker.invokeConfigurationMethod(ConfigInvoker.java:361)
at org.testng.internal.invokers.ConfigInvoker.invokeConfigurations(ConfigInvoker.java:296)
at org.testng.internal.invokers.TestMethodWorker.invokeBeforeClassMethods(TestMethodWorker.java:180)
at org.testng.internal.invokers.TestMethodWorker.run(TestMethodWorker.java:122)
at java.base/java.util.ArrayList.forEach(ArrayList.java:1511)
at org.testng.TestRunner.privateRun(TestRunner.java:806)
at org.testng.TestRunner.run(TestRunner.java:601)
at org.testng.SuiteRunner.runTest(SuiteRunner.java:433)
at org.testng.SuiteRunner.runSequentially(SuiteRunner.java:427)
at org.testng.SuiteRunner.privateRun(SuiteRunner.java:387)
at org.testng.SuiteRunner.run(SuiteRunner.java:330)
at org.testng.SuiteRunnerWorker.runSuite(SuiteRunnerWorker.java:52)
at org.testng.SuiteRunnerWorker.run(SuiteRunnerWorker.java:95)
at org.testng.TestNG.runSuitesSequentially(TestNG.java:1256)
at org.testng.TestNG.runSuitesLocally(TestNG.java:1176)
at org.testng.TestNG.runSuites(TestNG.java:1099)
at org.testng.TestNG.run(TestNG.java:1067)
at org.testng.remote.AbstractRemoteTestNG.run(AbstractRemoteTestNG.java:115)
at org.testng.remote.RemoteTestNG.initAndRun(RemoteTestNG.java:251)
at org.testng.remote.RemoteTestNG.main(RemoteTestNG.java:77)
Caused by: org.openqa.selenium.WebDriverException: Driver server process died prematurely.
Build info: version: '4.6.0', revision: '79f1c02ae20'
System info: os.name: 'Windows 11', os.arch: 'amd64', os.version: '10.0', java.version: '17.0.5'
Driver info: driver.version: ChromeDriver
at org.openqa.selenium.remote.service.DriverService.start(DriverService.java:239)
at org.openqa.selenium.remote.service.DriverCommandExecutor.execute(DriverCommandExecutor.java:98)
at org.openqa.selenium.remote.RemoteWebDriver.execute(RemoteWebDriver.java:541)
... 33 more
]]>
    </error>
  </testcase> <!-- setup -->
  <system-out/>
  <testcase classname="com.qa.testcases.inwardlist.ConsignmentListPageTest" name="Verify_Navigation" time="0.000">
    <skipped/>
  </testcase> <!-- Verify_Navigation -->
  <system-out/>
  <testcase classname="com.qa.testcases.inwardlist.ConsignmentListPageTest" name="Verify_inwardbutton_click" time="0.000">
    <skipped/>
  </testcase> <!-- Verify_inwardbutton_click -->
  <system-out/>
  <testcase classname="com.qa.testcases.inwardlist.ConsignmentListPageTest" name="Verify_filldata_DocumentDeatils" time="0.000">
    <skipped/>
  </testcase> <!-- Verify_filldata_DocumentDeatils -->
  <system-out/>
  <testcase classname="com.qa.testcases.inwardlist.ConsignmentListPageTest" name="Verify_fill_data_KPCertificateDetails" time="0.000">
    <skipped/>
  </testcase> <!-- Verify_fill_data_KPCertificateDetails -->
  <system-out/>
  <testcase classname="com.qa.testcases.inwardlist.ConsignmentListPageTest" name="Verify_fill_data_BillEntryDetails" time="0.000">
    <skipped/>
  </testcase> <!-- Verify_fill_data_BillEntryDetails -->
  <system-out/>
  <testcase classname="com.qa.testcases.inwardlist.ConsignmentListPageTest" name="Verify_fill_data_DocumentLines" time="0.000">
    <skipped/>
  </testcase> <!-- Verify_fill_data_DocumentLines -->
  <system-out/>
  <testcase classname="com.qa.testcases.inwardlist.ConsignmentListPageTest" name="Verify_fill_data_JangadExpenseDetails" time="0.000">
    <skipped/>
  </testcase> <!-- Verify_fill_data_JangadExpenseDetails -->
  <system-out/>
  <testcase classname="com.qa.testcases.inwardlist.ConsignmentListPageTest" name="Verify_ValidateConfirmationRecord" time="0.000">
    <skipped/>
  </testcase> <!-- Verify_ValidateConfirmationRecord -->
  <system-out/>
  <testcase classname="com.qa.testcases.inwardlist.ConsignmentListPageTest" name="Verify_ValidateDisableFields" time="0.000">
    <skipped/>
  </testcase> <!-- Verify_ValidateDisableFields -->
  <system-out/>
  <testcase classname="com.qa.testcases.inwardlist.ConsignmentListPageTest" name="Verify_ValidateEditFunctionality" time="0.000">
    <skipped/>
  </testcase> <!-- Verify_ValidateEditFunctionality -->
  <system-out/>
  <testcase classname="com.qa.testcases.inwardlist.ConsignmentListPageTest" name="pagination_functionality" time="0.000">
    <skipped/>
  </testcase> <!-- pagination_functionality -->
  <system-out/>
  <testcase classname="com.qa.testcases.inwardlist.ConsignmentListPageTest" name="Verify_search_functionality_test" time="0.000">
    <skipped/>
  </testcase> <!-- Verify_search_functionality_test -->
  <system-out/>
</testsuite> <!-- com.qa.testcases.inwardlist.ConsignmentListPageTest -->
